<?xml version="1.0" encoding="UTF-8"?>
<testsuite xmlns:xsi="http://www.w3.org/2001/XMLSchema-instance" xsi:noNamespaceSchemaLocation="https://maven.apache.org/surefire/maven-surefire-plugin/xsd/surefire-test-report-3.0.xsd" version="3.0" name="me.currMailSendTest" time="0.1" tests="1" errors="0" skipped="0" failures="0">
  <properties>
    <property name="java.specification.version" value="23"/>
    <property name="sun.jnu.encoding" value="UTF-8"/>
    <property name="java.class.path" value="/home/razvan/repos/penguinmail/target/test-classes:/home/razvan/repos/penguinmail/target/classes:/home/razvan/.m2/repository/org/junit/jupiter/junit-jupiter/5.10.0/junit-jupiter-5.10.0.jar:/home/razvan/.m2/repository/org/junit/jupiter/junit-jupiter-api/5.10.0/junit-jupiter-api-5.10.0.jar:/home/razvan/.m2/repository/org/opentest4j/opentest4j/1.3.0/opentest4j-1.3.0.jar:/home/razvan/.m2/repository/org/junit/platform/junit-platform-commons/1.10.0/junit-platform-commons-1.10.0.jar:/home/razvan/.m2/repository/org/apiguardian/apiguardian-api/1.1.2/apiguardian-api-1.1.2.jar:/home/razvan/.m2/repository/org/junit/jupiter/junit-jupiter-params/5.10.0/junit-jupiter-params-5.10.0.jar:/home/razvan/.m2/repository/org/junit/jupiter/junit-jupiter-engine/5.10.0/junit-jupiter-engine-5.10.0.jar:/home/razvan/.m2/repository/org/junit/platform/junit-platform-engine/1.10.0/junit-platform-engine-1.10.0.jar:/home/razvan/.m2/repository/com/sun/mail/jakarta.mail/2.0.1/jakarta.mail-2.0.1.jar:/home/razvan/.m2/repository/com/sun/activation/jakarta.activation/2.0.1/jakarta.activation-2.0.1.jar:/home/razvan/.m2/repository/org/jsoup/jsoup/1.16.1/jsoup-1.16.1.jar:/home/razvan/.m2/repository/com/mysql/mysql-connector-j/8.0.33/mysql-connector-j-8.0.33.jar:/home/razvan/.m2/repository/com/google/protobuf/protobuf-java/3.21.9/protobuf-java-3.21.9.jar:/home/razvan/.m2/repository/org/openjfx/javafx-controls/21/javafx-controls-21.jar:/home/razvan/.m2/repository/org/openjfx/javafx-controls/21/javafx-controls-21-linux.jar:/home/razvan/.m2/repository/org/openjfx/javafx-graphics/21/javafx-graphics-21.jar:/home/razvan/.m2/repository/org/openjfx/javafx-graphics/21/javafx-graphics-21-linux.jar:/home/razvan/.m2/repository/org/openjfx/javafx-base/21/javafx-base-21.jar:/home/razvan/.m2/repository/org/openjfx/javafx-base/21/javafx-base-21-linux.jar:/home/razvan/.m2/repository/org/openjfx/javafx-fxml/21/javafx-fxml-21.jar:/home/razvan/.m2/repository/org/openjfx/javafx-fxml/21/javafx-fxml-21-linux.jar:/home/razvan/.m2/repository/org/openjfx/javafx-web/21/javafx-web-21.jar:/home/razvan/.m2/repository/org/openjfx/javafx-web/21/javafx-web-21-linux.jar:/home/razvan/.m2/repository/org/openjfx/javafx-media/21/javafx-media-21.jar:/home/razvan/.m2/repository/org/openjfx/javafx-media/21/javafx-media-21-linux.jar:/home/razvan/.m2/repository/com/google/code/gson/gson/2.8.9/gson-2.8.9.jar:/home/razvan/.m2/repository/org/apache/commons/commons-email2-jakarta/2.0.0-M1/commons-email2-jakarta-2.0.0-M1.jar:/home/razvan/.m2/repository/org/apache/commons/commons-email2-core/2.0.0-M1/commons-email2-core-2.0.0-M1.jar:"/>
    <property name="java.vm.vendor" value="Oracle Corporation"/>
    <property name="sun.arch.data.model" value="64"/>
    <property name="java.vendor.url" value="https://java.oracle.com/"/>
    <property name="user.timezone" value="Europe/Bucharest"/>
    <property name="os.name" value="Linux"/>
    <property name="java.vm.specification.version" value="23"/>
    <property name="sun.java.launcher" value="SUN_STANDARD"/>
    <property name="sun.boot.library.path" value="/usr/lib/jvm/jdk-23-oracle-x64/lib"/>
    <property name="sun.java.command" value="/home/razvan/repos/penguinmail/target/surefire/surefirebooter-20250108232027489_3.jar /home/razvan/repos/penguinmail/target/surefire 2025-01-08T23-20-27_399-jvmRun1 surefire-20250108232027489_1tmp surefire_0-20250108232027489_2tmp"/>
    <property name="jdk.debug" value="release"/>
    <property name="test" value="me.currMailSendTest#constructorfromScrathMessage"/>
    <property name="surefire.test.class.path" value="/home/razvan/repos/penguinmail/target/test-classes:/home/razvan/repos/penguinmail/target/classes:/home/razvan/.m2/repository/org/junit/jupiter/junit-jupiter/5.10.0/junit-jupiter-5.10.0.jar:/home/razvan/.m2/repository/org/junit/jupiter/junit-jupiter-api/5.10.0/junit-jupiter-api-5.10.0.jar:/home/razvan/.m2/repository/org/opentest4j/opentest4j/1.3.0/opentest4j-1.3.0.jar:/home/razvan/.m2/repository/org/junit/platform/junit-platform-commons/1.10.0/junit-platform-commons-1.10.0.jar:/home/razvan/.m2/repository/org/apiguardian/apiguardian-api/1.1.2/apiguardian-api-1.1.2.jar:/home/razvan/.m2/repository/org/junit/jupiter/junit-jupiter-params/5.10.0/junit-jupiter-params-5.10.0.jar:/home/razvan/.m2/repository/org/junit/jupiter/junit-jupiter-engine/5.10.0/junit-jupiter-engine-5.10.0.jar:/home/razvan/.m2/repository/org/junit/platform/junit-platform-engine/1.10.0/junit-platform-engine-1.10.0.jar:/home/razvan/.m2/repository/com/sun/mail/jakarta.mail/2.0.1/jakarta.mail-2.0.1.jar:/home/razvan/.m2/repository/com/sun/activation/jakarta.activation/2.0.1/jakarta.activation-2.0.1.jar:/home/razvan/.m2/repository/org/jsoup/jsoup/1.16.1/jsoup-1.16.1.jar:/home/razvan/.m2/repository/com/mysql/mysql-connector-j/8.0.33/mysql-connector-j-8.0.33.jar:/home/razvan/.m2/repository/com/google/protobuf/protobuf-java/3.21.9/protobuf-java-3.21.9.jar:/home/razvan/.m2/repository/org/openjfx/javafx-controls/21/javafx-controls-21.jar:/home/razvan/.m2/repository/org/openjfx/javafx-controls/21/javafx-controls-21-linux.jar:/home/razvan/.m2/repository/org/openjfx/javafx-graphics/21/javafx-graphics-21.jar:/home/razvan/.m2/repository/org/openjfx/javafx-graphics/21/javafx-graphics-21-linux.jar:/home/razvan/.m2/repository/org/openjfx/javafx-base/21/javafx-base-21.jar:/home/razvan/.m2/repository/org/openjfx/javafx-base/21/javafx-base-21-linux.jar:/home/razvan/.m2/repository/org/openjfx/javafx-fxml/21/javafx-fxml-21.jar:/home/razvan/.m2/repository/org/openjfx/javafx-fxml/21/javafx-fxml-21-linux.jar:/home/razvan/.m2/repository/org/openjfx/javafx-web/21/javafx-web-21.jar:/home/razvan/.m2/repository/org/openjfx/javafx-web/21/javafx-web-21-linux.jar:/home/razvan/.m2/repository/org/openjfx/javafx-media/21/javafx-media-21.jar:/home/razvan/.m2/repository/org/openjfx/javafx-media/21/javafx-media-21-linux.jar:/home/razvan/.m2/repository/com/google/code/gson/gson/2.8.9/gson-2.8.9.jar:/home/razvan/.m2/repository/org/apache/commons/commons-email2-jakarta/2.0.0-M1/commons-email2-jakarta-2.0.0-M1.jar:/home/razvan/.m2/repository/org/apache/commons/commons-email2-core/2.0.0-M1/commons-email2-core-2.0.0-M1.jar:"/>
    <property name="sun.cpu.endian" value="little"/>
    <property name="user.home" value="/home/razvan"/>
    <property name="user.language" value="en"/>
    <property name="java.specification.vendor" value="Oracle Corporation"/>
    <property name="java.version.date" value="2024-09-17"/>
    <property name="java.home" value="/usr/lib/jvm/jdk-23-oracle-x64"/>
    <property name="file.separator" value="/"/>
    <property name="basedir" value="/home/razvan/repos/penguinmail"/>
    <property name="java.vm.compressedOopsMode" value="32-bit"/>
    <property name="line.separator" value="&#10;"/>
    <property name="java.vm.specification.vendor" value="Oracle Corporation"/>
    <property name="java.specification.name" value="Java Platform API Specification"/>
    <property name="surefire.real.class.path" value="/home/razvan/repos/penguinmail/target/surefire/surefirebooter-20250108232027489_3.jar"/>
    <property name="sun.management.compiler" value="HotSpot 64-Bit Tiered Compilers"/>
    <property name="java.runtime.version" value="23+37-2369"/>
    <property name="user.name" value="razvan"/>
    <property name="stdout.encoding" value="UTF-8"/>
    <property name="path.separator" value=":"/>
    <property name="os.version" value="6.6.36.6-microsoft-standard-WSL2+"/>
    <property name="java.runtime.name" value="Java(TM) SE Runtime Environment"/>
    <property name="file.encoding" value="UTF-8"/>
    <property name="java.vm.name" value="Java HotSpot(TM) 64-Bit Server VM"/>
    <property name="maven.ext.class.path" value="/home/razvan/.vscode-server/extensions/oracle.oracle-java-23.0.1/nbcode/java/maven-nblib/netbeans-eventspy.jar"/>
    <property name="localRepository" value="/home/razvan/.m2/repository"/>
    <property name="java.vendor.url.bug" value="https://bugreport.java.com/bugreport/"/>
    <property name="java.io.tmpdir" value="/tmp"/>
    <property name="java.version" value="23"/>
    <property name="user.dir" value="/home/razvan/repos/penguinmail"/>
    <property name="os.arch" value="amd64"/>
    <property name="java.vm.specification.name" value="Java Virtual Machine Specification"/>
    <property name="native.encoding" value="UTF-8"/>
    <property name="java.library.path" value="/usr/local/cuda-12.3/lib64:/usr/local/TensorRT-10.2/lib:/usr/local/cuda-12.3/lib64:/usr/java/packages/lib:/usr/lib64:/lib64:/lib:/usr/lib"/>
    <property name="stderr.encoding" value="UTF-8"/>
    <property name="java.vm.info" value="mixed mode, sharing"/>
    <property name="java.vendor" value="Oracle Corporation"/>
    <property name="java.vm.version" value="23+37-2369"/>
    <property name="sun.io.unicode.encoding" value="UnicodeLittle"/>
    <property name="java.class.version" value="67.0"/>
  </properties>
  <testcase name="constructorfromScrathMessage" classname="me.currMailSendTest" time="0.077"/>
</testsuite>